<?xml version="1.0" encoding="UTF-8"?>
<testng-results ignored="0" total="1" passed="1" failed="0" skipped="0">
  <reporter-output>
  </reporter-output>
  <suite started-at="2023-06-21T23:56:23 IST" name="Default suite" finished-at="2023-06-21T23:56:33 IST" duration-ms="10153">
    <groups>
    </groups>
    <test started-at="2023-06-21T23:56:23 IST" name="Default test" finished-at="2023-06-21T23:56:33 IST" duration-ms="10153">
      <class name="day26.Demo1">
        <test-method signature="testA()[pri:0, instance:day26.Demo1@55183b20]" started-at="2023-06-21T23:56:23 IST" name="testA" finished-at="2023-06-21T23:56:33 IST" duration-ms="10068" status="PASS">
          <reporter-output>
          </reporter-output>
        </test-method> <!-- testA -->
      </class> <!-- day26.Demo1 -->
    </test> <!-- Default test -->
  </suite> <!-- Default suite -->
</testng-results>
